Build started 2/27/2015 9:22:04 PM.
     1>Project "C:\Users\Vidya\documents\visual studio 2010\Projects\Array\Array\Array.vcxproj" on node 2 (build target(s)).
     1>InitializeBuildStatus:
         Creating "Debug\Array.unsuccessfulbuild" because "AlwaysCreate" was specified.
       ClCompile:
         d:\Program Files (x86)\Microsoft Visual Studio 10.0\VC\bin\CL.exe /c /ZI /nologo /W3 /WX- /Od /Oy- /D WIN32 /D _DEBUG /D _CONSOLE /D _UNICODE /D UNICODE /Gm /EHsc /RTC1 /MDd /GS /fp:precise /Zc:wchar_t /Zc:forScope /Fo"Debug\\" /Fd"Debug\vc100.pdb" /Gd /TC /analyze- /errorReport:prompt array.c
         array.c
     1>c:\users\vidya\documents\visual studio 2010\projects\array\array\array.c(77): warning C4996: 'getch': The POSIX name for this item is deprecated. Instead, use the ISO C++ conformant name: _getch. See online help for details.
                 d:\program files (x86)\microsoft visual studio 10.0\vc\include\conio.h(128) : see declaration of 'getch'
     1>c:\users\vidya\documents\visual studio 2010\projects\array\array\array.c(98): warning C4244: '=' : conversion from 'float' to 'int', possible loss of data
     1>c:\users\vidya\documents\visual studio 2010\projects\array\array\array.c(100): warning C4244: '=' : conversion from 'int' to 'float', possible loss of data
       ManifestResourceCompile:
         All outputs are up-to-date.
       Link:
         d:\Program Files (x86)\Microsoft Visual Studio 10.0\VC\bin\link.exe /ERRORREPORT:PROMPT /OUT:"C:\Users\Vidya\documents\visual studio 2010\Projects\Array\Debug\Array.exe" /INCREMENTAL /NOLOGO kernel32.lib user32.lib gdi32.lib winspool.lib comdlg32.lib advapi32.lib shell32.lib ole32.lib oleaut32.lib uuid.lib odbc32.lib odbccp32.lib /MANIFEST /ManifestFile:"Debug\Array.exe.intermediate.manifest" /MANIFESTUAC:"level='asInvoker' uiAccess='false'" /DEBUG /PDB:"C:\Users\Vidya\documents\visual studio 2010\Projects\Array\Debug\Array.pdb" /SUBSYSTEM:CONSOLE /TLBID:1 /DYNAMICBASE /NXCOMPAT /IMPLIB:"C:\Users\Vidya\documents\visual studio 2010\Projects\Array\Debug\Array.lib" /MACHINE:X86 Debug\Array.exe.embed.manifest.res
         Debug\array.obj
       Manifest:
         C:\Program Files (x86)\Microsoft SDKs\Windows\v7.0A\bin\mt.exe /nologo /verbose /out:"Debug\Array.exe.embed.manifest" /manifest Debug\Array.exe.intermediate.manifest
         All outputs are up-to-date.
       LinkEmbedManifest:
         All outputs are up-to-date.
         Array.vcxproj -> C:\Users\Vidya\documents\visual studio 2010\Projects\Array\Debug\Array.exe
       FinalizeBuildStatus:
         Deleting file "Debug\Array.unsuccessfulbuild".
         Touching "Debug\Array.lastbuildstate".
     1>Done Building Project "C:\Users\Vidya\documents\visual studio 2010\Projects\Array\Array\Array.vcxproj" (build target(s)).

Build succeeded.

Time Elapsed 00:00:00.73
